2015-10-12 21:21:35,232 - [INFO] - from play in pool-6-thread-5 
Listening for HTTP on /0:0:0:0:0:0:0:0:9000

2015-10-12 21:21:38,779 - [ERROR] - from application in New I/O worker #1 


! @6nmeikkba - Internal server error, for (GET) [/users] ->

play.PlayExceptions$RoutesCompilationException: Compilation error[Missing parameter in call definition: id]
	at play.PlaySourceGenerators$$anonfun$1.apply(PlaySourceGenerators.scala:24) ~[na:na]
	at play.PlaySourceGenerators$$anonfun$1.apply(PlaySourceGenerators.scala:12) ~[na:na]
	at play.PlaySettings$$anonfun$defaultSettings$29.apply(PlaySettings.scala:119) ~[na:na]
	at play.PlaySettings$$anonfun$defaultSettings$29.apply(PlaySettings.scala:119) ~[na:na]
	at scala.Function7$$anonfun$tupled$1.apply(Function7.scala:35) ~[scala-library-2.11.7.jar:na]
	at scala.Function7$$anonfun$tupled$1.apply(Function7.scala:34) ~[scala-library-2.11.7.jar:na]
	at scala.Function1$$anonfun$compose$1.apply(Function1.scala:47) ~[scala-library-2.11.7.jar:na]
	at sbt.$tilde$greater$$anonfun$$u2219$1.apply(TypeFunctions.scala:42) ~[na:na]
	at sbt.std.Transform$$anon$4.work(System.scala:64) ~[na:na]
	at sbt.Execute$$anonfun$submit$1$$anonfun$apply$1.apply(Execute.scala:237) ~[na:na]
	at sbt.Execute$$anonfun$submit$1$$anonfun$apply$1.apply(Execute.scala:237) ~[na:na]
	at sbt.ErrorHandling$.wideConvert(ErrorHandling.scala:18) ~[na:na]
	at sbt.Execute.work(Execute.scala:244) ~[na:na]
	at sbt.Execute$$anonfun$submit$1.apply(Execute.scala:237) ~[na:na]
	at sbt.Execute$$anonfun$submit$1.apply(Execute.scala:237) ~[na:na]
	at sbt.ConcurrentRestrictions$$anon$4$$anonfun$1.apply(ConcurrentRestrictions.scala:160) ~[na:na]
	at sbt.CompletionService$$anon$2.call(CompletionService.scala:30) ~[na:na]
	at java.util.concurrent.FutureTask.run(FutureTask.java:266) ~[na:1.8.0_60]
	at java.util.concurrent.Executors$RunnableAdapter.call(Executors.java:511) ~[na:1.8.0_60]
	at java.util.concurrent.FutureTask.run(FutureTask.java:266) ~[na:1.8.0_60]
	at java.util.concurrent.ThreadPoolExecutor.runWorker(ThreadPoolExecutor.java:1142) [na:1.8.0_60]
	at java.util.concurrent.ThreadPoolExecutor$Worker.run(ThreadPoolExecutor.java:617) [na:1.8.0_60]
	at java.lang.Thread.run(Thread.java:745) [na:1.8.0_60]

2015-10-12 21:21:38,846 - [WARN] - from play in New I/O worker #1 
No application found at invoker init

2015-10-12 21:22:23,213 - [INFO] - from play in play-internal-execution-context-1 
Application started (Dev)

2015-10-12 21:22:37,141 - [INFO] - from play in play-internal-execution-context-1 
Application started (Dev)

